Command line: /root/miniconda3/envs/genomeanalysis/bin/spades.py	-1	/mnt/c/Users/avinz/OneDrive/Desktop/genome-assembly-and-annotation/Alan_1.fastq	-2	/mnt/c/Users/avinz/OneDrive/Desktop/genome-assembly-and-annotation/Alan_2.fastq	-o	/mnt/c/Users/avinz/OneDrive/Desktop/genome-assembly-and-annotation/spadesout	

System information:
  SPAdes version: 4.1.0
  Python version: 3.13.2
  OS: Linux-5.15.167.4-microsoft-standard-WSL2-x86_64-with-glibc2.39

Output dir: /mnt/c/Users/avinz/OneDrive/Desktop/genome-assembly-and-annotation/spadesout
Mode: read error correction and assembling
Debug mode is turned OFF

Dataset parameters:
  Standard mode
  For multi-cell/isolate data we recommend to use '--isolate' option; for single-cell MDA data use '--sc'; for metagenomic data use '--meta'; for RNA-Seq use '--rna'.
  Reads:
    Library number: 1, library type: paired-end
      orientation: fr
      left reads: ['/mnt/c/Users/avinz/OneDrive/Desktop/genome-assembly-and-annotation/Alan_1.fastq']
      right reads: ['/mnt/c/Users/avinz/OneDrive/Desktop/genome-assembly-and-annotation/Alan_2.fastq']
      interlaced reads: not specified
      single reads: not specified
      merged reads: not specified
Read error correction parameters:
  Iterations: 1
  PHRED offset will be auto-detected
  Corrected reads will be compressed
Assembly parameters:
  k: automatic selection based on read length
  Repeat resolution is enabled
  Mismatch careful mode is turned OFF
  MismatchCorrector will be SKIPPED
  Coverage cutoff is turned OFF
  Assembly graph output will use GFA v1.2 format
Other parameters:
  Dir for temp files: /mnt/c/Users/avinz/OneDrive/Desktop/genome-assembly-and-annotation/spadesout/tmp
  Threads: 16
  Memory limit (in Gb): 7


======= SPAdes pipeline started. Log can be found here: /mnt/c/Users/avinz/OneDrive/Desktop/genome-assembly-and-annotation/spadesout/spades.log

/mnt/c/Users/avinz/OneDrive/Desktop/genome-assembly-and-annotation/Alan_1.fastq: max reads length: 301
/mnt/c/Users/avinz/OneDrive/Desktop/genome-assembly-and-annotation/Alan_2.fastq: max reads length: 301

Reads length: 301

Default k-mer sizes were set to [21, 33, 55, 77, 99, 127] because estimated read length (301) is equal to or greater than 250

===== Before start started. 


===== Read error correction started. 


===== Read error correction started. 


== Running: /root/miniconda3/envs/genomeanalysis/bin/spades-hammer /mnt/c/Users/avinz/OneDrive/Desktop/genome-assembly-and-annotation/spadesout/corrected/configs/config.info

  0:00:00.000     1M / 20M   INFO    General                 (main.cpp                  :  76)   Starting BayesHammer, built from N/A, git revision N/A
  0:00:00.034     1M / 20M   INFO    General                 (main.cpp                  :  77)   Loading config from "/mnt/c/Users/avinz/OneDrive/Desktop/genome-assembly-and-annotation/spadesout/corrected/configs/config.info"
  0:00:00.052     1M / 20M   INFO    General                 (main.cpp                  :  79)   Maximum # of threads to use (adjusted due to OMP capabilities): 16
  0:00:00.053     1M / 20M   INFO    General                 (memory_limit.cpp          :  55)   Memory limit set to 7 Gb
  0:00:00.053     1M / 20M   INFO    General                 (main.cpp                  :  87)   Trying to determine PHRED offset
  0:00:00.058     1M / 20M   INFO    General                 (main.cpp                  :  93)   Determined value is 33
  0:00:00.058     1M / 20M   INFO    General                 (hammer_tools.cpp          :  40)   Hamming graph threshold tau=1, k=21, subkmer positions = [ 0 10 ]
  0:00:00.058     1M / 20M   INFO    General                 (main.cpp                  : 114)   Size of aux. kmer data 24 bytes
     === ITERATION 0 begins ===
  0:00:00.065     1M / 20M   INFO    General                 (kmer_index_builder.hpp    : 258)   Splitting kmer instances into 16 files using 16 threads. This might take a while.
  0:00:00.069     1M / 20M   INFO    General                 (file_limit.hpp            :  43)   Open file limit set to 1024
  0:00:00.069     1M / 20M   INFO    General                 (kmer_splitter.hpp         :  94)   Memory available for splitting buffers: 0.145831 Gb
  0:00:00.069     1M / 20M   INFO    General                 (kmer_splitter.hpp         : 102)   Using cell size of 1223318
  0:00:00.315  2817M / 2817M INFO   K-mer Splitting          (kmer_data.cpp             :  98)   Processing "/mnt/c/Users/avinz/OneDrive/Desktop/genome-assembly-and-annotation/Alan_1.fastq"
  0:00:10.082  2817M / 4780M INFO   K-mer Splitting          (kmer_data.cpp             : 108)   Processed 512161 reads
  0:00:20.048  2817M / 4832M INFO   K-mer Splitting          (kmer_data.cpp             : 108)   Processed 1030604 reads
  0:00:29.958  2817M / 4832M INFO   K-mer Splitting          (kmer_data.cpp             : 108)   Processed 1546631 reads
  0:00:37.186  2817M / 4832M INFO   K-mer Splitting          (kmer_data.cpp             : 108)   Processed 1576950 reads
  0:00:37.197  2817M / 4832M INFO   K-mer Splitting          (kmer_data.cpp             :  98)   Processing "/mnt/c/Users/avinz/OneDrive/Desktop/genome-assembly-and-annotation/Alan_2.fastq"
  0:00:42.868  2817M / 4842M INFO   K-mer Splitting          (kmer_data.cpp             : 108)   Processed 2091623 reads
  0:00:56.390  2817M / 4842M INFO   K-mer Splitting          (kmer_data.cpp             : 108)   Processed 2597256 reads
  0:01:09.722  2817M / 4842M INFO   K-mer Splitting          (kmer_data.cpp             : 108)   Processed 3104240 reads
  0:01:11.401  2817M / 4842M INFO   K-mer Splitting          (kmer_data.cpp             : 113)   Total 3153900 reads processed
  0:01:11.412     1M / 4842M INFO    General                 (kmer_index_builder.hpp    : 264)   Starting k-mer counting.
  0:01:11.446     1M / 4842M ERROR   General                 (mmapped_reader.hpp        :  52)   mmap(2) failed. Reason: Cannot allocate memory. Error code: 12
  0:01:11.446     1M / 4842M ERROR   General                 (mmapped_reader.hpp        :  52)   mmap(2) failed. Reason: Cannot allocate memory. Error code: 12
=== Stack Trace ===
  0:01:11.446     1M / 4842M ERROR   General                 (mmapped_reader.hpp        :  52)   mmap(2) failed. Reason: Cannot allocate memory. Error code: 12
  0:01:11.446     1M / 4842M ERROR   General                 (mmapped_reader.hpp        :  52)   mmap(2) failed. Reason: Cannot allocate memory. Error code: 12
=== Stack Trace ===
=== Stack Trace ===
=== Stack Trace ===
  0:01:11.446     1M / 4842M ERROR   General                 (mmapped_reader.hpp        :  52)   mmap(2) failed. Reason: Cannot allocate memory. Error code: 12
=== Stack Trace ===
  0:01:11.446     1M / 4842M ERROR   General                 (mmapped_reader.hpp        :  52)   mmap(2) failed. Reason: Cannot allocate memory. Error code: 12
=== Stack Trace ===
  0:01:11.446     1M / 4842M ERROR   General                 (mmapped_reader.hpp        :  52)   mmap(2) failed. Reason: Cannot allocate memory. Error code: 12
=== Stack Trace ===
  0:01:11.446     1M / 4842M ERROR   General                 (mmapped_reader.hpp        :  52)   mmap(2) failed. Reason: Cannot allocate memory. Error code: 12
=== Stack Trace ===
/root/miniconda3/envs/genomeanalysis/bin/spades-hammer(+0x1d587) [0x55af0ca1e587]/root/miniconda3/envs/genomeanalysis/bin/spades-hammer(+0x1d587) [0x55af0ca1e587]/root/miniconda3/envs/genomeanalysis/bin/spades-hammer(+0x1d587) [0x55af0ca1e587]/root/miniconda3/envs/genomeanalysis/bin/spades-hammer(+0x1d587) [0x55af0ca1e587]/root/miniconda3/envs/genomeanalysis/bin/spades-hammer(+0x1d587) [0x55af0ca1e587]/root/miniconda3/envs/genomeanalysis/bin/spades-hammer(+0x1d587) [0x55af0ca1e587]/root/miniconda3/envs/genomeanalysis/bin/spades-hammer(+0x1d587) [0x55af0ca1e587]/root/miniconda3/envs/genomeanalysis/bin/spades-hammer(+0x1d587) [0x55af0ca1e587]
/root/miniconda3/envs/genomeanalysis/bin/spades-hammer(+0x34a01) [0x55af0ca35a01]
/root/miniconda3/envs/genomeanalysis/bin/spades-hammer(+0x34a01) [0x55af0ca35a01]/root/miniconda3/envs/genomeanalysis/bin/spades-hammer(+0x34a01) [0x55af0ca35a01]
/root/miniconda3/envs/genomeanalysis/bin/spades-hammer(+0x34a01) [0x55af0ca35a01]
/root/miniconda3/envs/genomeanalysis/bin/spades-hammer(+0x496c4) [0x55af0ca4a6c4]
/root/miniconda3/envs/genomeanalysis/bin/spades-hammer(+0x63e84) [0x55af0ca64e84]
/root/miniconda3/envs/genomeanalysis/bin/spades-hammer(+0x496c4) [0x55af0ca4a6c4]
/root/miniconda3/envs/genomeanalysis/bin/spades-hammer(+0x63e84) [0x55af0ca64e84]
/root/miniconda3/envs/genomeanalysis/bin/spades-hammer(+0x34a01) [0x55af0ca35a01]/root/miniconda3/envs/genomeanalysis/bin/spades-hammer(+0x496c4) [0x55af0ca4a6c4]
/root/miniconda3/envs/genomeanalysis/bin/spades-hammer(+0x496c4) [0x55af0ca4a6c4]
/root/miniconda3/envs/genomeanalysis/bin/spades-hammer(+0x63e84) [0x55af0ca64e84]
/root/miniconda3/envs/genomeanalysis/bin/spades-hammer(+0x65b21) [0x55af0ca66b21]
/root/miniconda3/envs/genomeanalysis/bin/../lib/libgomp.so.1(+0x18ebb) [0x7f8bba5e1ebb]
/lib/x86_64-linux-gnu/libc.so.6(+0x9caa4) [0x7f8bba157aa4]
/root/miniconda3/envs/genomeanalysis/bin/spades-hammer(+0x65b21) [0x55af0ca66b21]/lib/x86_64-linux-gnu/libc.so.6(+0x129c3c) [0x7f8bba1e4c3c]
/root/miniconda3/envs/genomeanalysis/bin/spades-hammer(+0x63e84) [0x55af0ca64e84]/root/miniconda3/envs/genomeanalysis/bin/spades-hammer(+0x65b21) [0x55af0ca66b21]/root/miniconda3/envs/genomeanalysis/bin/spades-hammer(+0x34a01) [0x55af0ca35a01]
/root/miniconda3/envs/genomeanalysis/bin/../lib/libgomp.so.1(+0x18ebb) [0x7f8bba5e1ebb]
/lib/x86_64-linux-gnu/libc.so.6(+0x9caa4) [0x7f8bba157aa4]
/lib/x86_64-linux-gnu/libc.so.6(+0x129c3c) [0x7f8bba1e4c3c]
/root/miniconda3/envs/genomeanalysis/bin/spades-hammer(+0x65b21) [0x55af0ca66b21]
/root/miniconda3/envs/genomeanalysis/bin/../lib/libgomp.so.1(+0x18ebb) [0x7f8bba5e1ebb]
/lib/x86_64-linux-gnu/libc.so.6(+0x9caa4) [0x7f8bba157aa4]
/lib/x86_64-linux-gnu/libc.so.6(+0x129c3c) [0x7f8bba1e4c3c]
/root/miniconda3/envs/genomeanalysis/bin/spades-hammer(+0x34a01) [0x55af0ca35a01]
/root/miniconda3/envs/genomeanalysis/bin/spades-hammer(+0x34a01) [0x55af0ca35a01]/root/miniconda3/envs/genomeanalysis/bin/../lib/libgomp.so.1(+0x18ebb) [0x7f8bba5e1ebb]/root/miniconda3/envs/genomeanalysis/bin/spades-hammer(+0x496c4) [0x55af0ca4a6c4]
/root/miniconda3/envs/genomeanalysis/bin/spades-hammer(+0x63e84) [0x55af0ca64e84]
/root/miniconda3/envs/genomeanalysis/bin/spades-hammer(+0x65b21) [0x55af0ca66b21]
/root/miniconda3/envs/genomeanalysis/bin/../lib/libgomp.so.1(+0x18ebb) [0x7f8bba5e1ebb]
/lib/x86_64-linux-gnu/libc.so.6(+0x9caa4) [0x7f8bba157aa4]
/lib/x86_64-linux-gnu/libc.so.6(+0x129c3c) [0x7f8bba1e4c3c]/root/miniconda3/envs/genomeanalysis/bin/spades-hammer(+0x496c4) [0x55af0ca4a6c4]
/root/miniconda3/envs/genomeanalysis/bin/spades-hammer(+0x63e84) [0x55af0ca64e84]
/root/miniconda3/envs/genomeanalysis/bin/spades-hammer(+0x65b21) [0x55af0ca66b21]
/root/miniconda3/envs/genomeanalysis/bin/../lib/libgomp.so.1(+0x18ebb) [0x7f8bba5e1ebb]
/lib/x86_64-linux-gnu/libc.so.6(+0x9caa4) [0x7f8bba157aa4]
/lib/x86_64-linux-gnu/libc.so.6(+0x129c3c) [0x7f8bba1e4c3c]
/lib/x86_64-linux-gnu/libc.so.6(+0x9caa4) [0x7f8bba157aa4]/root/miniconda3/envs/genomeanalysis/bin/spades-hammer(+0x496c4) [0x55af0ca4a6c4]
/root/miniconda3/envs/genomeanalysis/bin/spades-hammer(+0x63e84) [0x55af0ca64e84]/root/miniconda3/envs/genomeanalysis/bin/spades-hammer(+0x496c4) [0x55af0ca4a6c4]
/root/miniconda3/envs/genomeanalysis/bin/spades-hammer(+0x63e84) [0x55af0ca64e84]
/root/miniconda3/envs/genomeanalysis/bin/spades-hammer(+0x65b21) [0x55af0ca66b21]
/root/miniconda3/envs/genomeanalysis/bin/../lib/libgomp.so.1(+0x18ebb) [0x7f8bba5e1ebb]
/lib/x86_64-linux-gnu/libc.so.6(+0x9caa4) [0x7f8bba157aa4]
/lib/x86_64-linux-gnu/libc.so.6(+0x129c3c) [0x7f8bba1e4c3c]
/root/miniconda3/envs/genomeanalysis/bin/spades-hammer(+0x65b21) [0x55af0ca66b21]
/root/miniconda3/envs/genomeanalysis/bin/../lib/libgomp.so.1(+0x18ebb) [0x7f8bba5e1ebb]
/lib/x86_64-linux-gnu/libc.so.6(+0x9caa4) [0x7f8bba157aa4]
/lib/x86_64-linux-gnu/libc.so.6(+0x129c3c) [0x7f8bba1e4c3c]
/lib/x86_64-linux-gnu/libc.so.6(+0x129c3c) [0x7f8bba1e4c3c]


== Error ==  system call for: "['/root/miniconda3/envs/genomeanalysis/bin/spades-hammer', '/mnt/c/Users/avinz/OneDrive/Desktop/genome-assembly-and-annotation/spadesout/corrected/configs/config.info']" finished abnormally, OS return value: 12
None

In case you have troubles running SPAdes, you can report an issue on our GitHub repository github.com/ablab/spades
Please provide us with params.txt and spades.log files from the output directory.

SPAdes log can be found here: /mnt/c/Users/avinz/OneDrive/Desktop/genome-assembly-and-annotation/spadesout/spades.log

Thank you for using SPAdes! If you use it in your research, please cite:

  Prjibelski, A., Antipov, D., Meleshko, D., Lapidus, A. and Korobeynikov, A., 2020. Using SPAdes de novo assembler. Current protocols in bioinformatics, 70(1), p.e102.
  doi.org/10.1002/cpbi.102

