/root/miniconda3/envs/genomeanalysis/bin/quast.py abyssoutgalaxy/scaffolds.fasta -o quastabyss

Version: 5.3.0

System information:
  OS: Linux-5.15.167.4-microsoft-standard-WSL2-x86_64-with-glibc2.39 (linux_64)
  Python version: 3.13.2
  CPUs number: 20

Started: 2025-04-06 22:16:34

Logging to /mnt/c/Users/avinz/OneDrive/Desktop/genome-assembly-and-annotation/quastabyss/quast.log
NOTICE: Maximum number of threads is set to 5 (use --threads option to set it manually)

CWD: /mnt/c/Users/avinz/OneDrive/Desktop/genome-assembly-and-annotation
Main parameters: 
  MODE: default, threads: 5, min contig length: 500, min alignment length: 65, min alignment IDY: 95.0, \
  ambiguity: one, min local misassembly length: 200, min extensive misassembly length: 1000

Contigs:
  Pre-processing...
  abyssoutgalaxy/scaffolds.fasta ==> scaffolds

2025-04-06 22:16:34
Running Basic statistics processor...
  Contig files: 
    scaffolds
  Calculating N50 and L50...
    scaffolds, N50 = 48616, L50 = 23, auN = 67693.8, Total length = 4360892, GC % = 63.03, # N's per 100 kbp =  186.18
  Drawing Nx plot...
    saved to /mnt/c/Users/avinz/OneDrive/Desktop/genome-assembly-and-annotation/quastabyss/basic_stats/Nx_plot.pdf
  Drawing cumulative plot...
    saved to /mnt/c/Users/avinz/OneDrive/Desktop/genome-assembly-and-annotation/quastabyss/basic_stats/cumulative_plot.pdf
  Drawing GC content plot...
    saved to /mnt/c/Users/avinz/OneDrive/Desktop/genome-assembly-and-annotation/quastabyss/basic_stats/GC_content_plot.pdf
  Drawing scaffolds GC content plot...
    saved to /mnt/c/Users/avinz/OneDrive/Desktop/genome-assembly-and-annotation/quastabyss/basic_stats/scaffolds_GC_content_plot.pdf
Done.

NOTICE: Genes are not predicted by default. Use --gene-finding or --glimmer option to enable it.

2025-04-06 22:16:38
Creating large visual summaries...
This may take a while: press Ctrl-C to skip this step..
  1 of 2: Creating PDF with all tables and plots...
  2 of 2: Creating Icarus viewers...
Done

2025-04-06 22:16:39
RESULTS:
  Text versions of total report are saved to /mnt/c/Users/avinz/OneDrive/Desktop/genome-assembly-and-annotation/quastabyss/report.txt, report.tsv, and report.tex
  Text versions of transposed total report are saved to /mnt/c/Users/avinz/OneDrive/Desktop/genome-assembly-and-annotation/quastabyss/transposed_report.txt, transposed_report.tsv, and transposed_report.tex
  HTML version (interactive tables and plots) is saved to /mnt/c/Users/avinz/OneDrive/Desktop/genome-assembly-and-annotation/quastabyss/report.html
  PDF version (tables and plots) is saved to /mnt/c/Users/avinz/OneDrive/Desktop/genome-assembly-and-annotation/quastabyss/report.pdf
  Icarus (contig browser) is saved to /mnt/c/Users/avinz/OneDrive/Desktop/genome-assembly-and-annotation/quastabyss/icarus.html
  Log is saved to /mnt/c/Users/avinz/OneDrive/Desktop/genome-assembly-and-annotation/quastabyss/quast.log

Finished: 2025-04-06 22:16:41
Elapsed time: 0:00:07.427578
NOTICEs: 2; WARNINGs: 1; non-fatal ERRORs: 0

Thank you for using QUAST!
